[debug] [2020-08-13T22:41:38.300Z] ----------------------------------------------------------------------
[debug] [2020-08-13T22:41:38.302Z] Command:       C:\Program Files\nodejs\node.exe C:\Users\Sameer\AppData\Roaming\npm\node_modules\firebase-tools\lib\bin\firebase.js init
[debug] [2020-08-13T22:41:38.303Z] CLI Version:   8.7.0
[debug] [2020-08-13T22:41:38.303Z] Platform:      win32
[debug] [2020-08-13T22:41:38.303Z] Node Version:  v12.18.2
[debug] [2020-08-13T22:41:38.304Z] Time:          Fri Aug 14 2020 01:41:38 GMT+0300 (Arabian Standard Time)
[debug] [2020-08-13T22:41:38.305Z] ----------------------------------------------------------------------
[debug] [2020-08-13T22:41:38.305Z] 
[debug] [2020-08-13T22:41:38.314Z] > command requires scopes: ["email","openid","https://www.googleapis.com/auth/cloudplatformprojects.readonly","https://www.googleapis.com/auth/firebase","https://www.googleapis.com/auth/cloud-platform"]
[debug] [2020-08-13T22:41:38.314Z] > authorizing via signed-in user
[info] 
     ######## #### ########  ######## ########     ###     ######  ########
     ##        ##  ##     ## ##       ##     ##  ##   ##  ##       ##
     ######    ##  ########  ######   ########  #########  ######  ######
     ##        ##  ##    ##  ##       ##     ## ##     ##       ## ##
     ##       #### ##     ## ######## ########  ##     ##  ######  ########

You're about to initialize a Firebase project in this directory:

  C:\Netflix Clone Project\netflix-clone

Before we get started, keep in mind:

  * You are currently outside your home directory

[info] 
=== Project Setup
[info] 
[info] First, let's associate this project directory with a Firebase project.
[info] You can create multiple project aliases by running firebase use --add, 
[info] but for now we'll just set up a default project.
[info] 
[debug] [2020-08-13T23:02:57.172Z] > refreshing access token with scopes: ["email","https://www.googleapis.com/auth/cloud-platform","https://www.googleapis.com/auth/cloudplatformprojects.readonly","https://www.googleapis.com/auth/firebase","openid"]
[debug] [2020-08-13T23:02:57.173Z] >>> HTTP REQUEST POST https://www.googleapis.com/oauth2/v3/token  
 <request body omitted>
[debug] [2020-08-13T23:02:57.735Z] <<< HTTP RESPONSE 200 {"content-type":"application/json; charset=utf-8","vary":"X-Origin, Referer, Origin,Accept-Encoding","date":"Thu, 13 Aug 2020 23:02:58 GMT","server":"scaffolding on HTTPServer2","cache-control":"private","x-xss-protection":"0","x-frame-options":"SAMEORIGIN","x-content-type-options":"nosniff","alt-svc":"h3-29=\":443\"; ma=2592000,h3-27=\":443\"; ma=2592000,h3-T050=\":443\"; ma=2592000,h3-Q050=\":443\"; ma=2592000,h3-Q046=\":443\"; ma=2592000,h3-Q043=\":443\"; ma=2592000,quic=\":443\"; ma=2592000; v=\"46,43\"","accept-ranges":"none","transfer-encoding":"chunked"}
[debug] [2020-08-13T23:02:57.813Z] >>> HTTP REQUEST GET https://firebase.googleapis.com/v1beta1/projects?pageSize=100  
 
[debug] [2020-08-13T23:02:58.713Z] <<< HTTP RESPONSE 200 {"content-type":"application/json; charset=UTF-8","vary":"X-Origin, Referer, Origin,Accept-Encoding","date":"Thu, 13 Aug 2020 23:02:59 GMT","server":"ESF","cache-control":"private","x-xss-protection":"0","x-frame-options":"SAMEORIGIN","x-content-type-options":"nosniff","alt-svc":"h3-29=\":443\"; ma=2592000,h3-27=\":443\"; ma=2592000,h3-T050=\":443\"; ma=2592000,h3-Q050=\":443\"; ma=2592000,h3-Q046=\":443\"; ma=2592000,h3-Q043=\":443\"; ma=2592000,quic=\":443\"; ma=2592000; v=\"46,43\"","accept-ranges":"none","transfer-encoding":"chunked"}
[info] i  Using project netflix-clone-7a142 (netflix-clone) 
[info] 
=== Hosting Setup
[info] 
[info] Your public directory is the folder (relative to your project directory) that
[info] will contain Hosting assets to be uploaded with firebase deploy. If you
[info] have a build process for your assets, use your build's output directory.
[info] 
[debug] [2020-08-13T23:06:26.245Z] ----------------------------------------------------------------------
[debug] [2020-08-13T23:06:26.248Z] Command:       C:\Program Files\nodejs\node.exe C:\Users\Sameer\AppData\Roaming\npm\node_modules\firebase-tools\lib\bin\firebase.js login
[debug] [2020-08-13T23:06:26.248Z] CLI Version:   8.7.0
[debug] [2020-08-13T23:06:26.248Z] Platform:      win32
[debug] [2020-08-13T23:06:26.249Z] Node Version:  v12.18.2
[debug] [2020-08-13T23:06:26.250Z] Time:          Fri Aug 14 2020 02:06:26 GMT+0300 (Arabian Standard Time)
[debug] [2020-08-13T23:06:26.250Z] ----------------------------------------------------------------------
[debug] [2020-08-13T23:06:26.250Z] 
[info] Already logged in as s.thahsina@gmail.com
